<?xml version="1.0" encoding="UTF-8"?>
<!-- Generated by org.testng.reporters.JUnitReportReporter -->
<testsuite hostname="DESKTOP-FVER9KE" failures="0" tests="4" name="TestNGPractice.Myloan" time="0.009" errors="0" timestamp="2024-05-04T12:50:16 EDT" skipped="1">
  <testcase classname="TestNGPractice.Myloan" name="mycarloanWeblogin" time="0.006"/>
  <testcase classname="TestNGPractice.Myloan" name="mycarloanMobilelogin" time="0.001"/>
  <testcase classname="TestNGPractice.Myloan" name="javaclass" time="0.002"/>
  <testcase classname="TestNGPractice.Myloan" name="mycarloan">
    <skipped/>
  </testcase> <!-- mycarloan -->
</testsuite> <!-- TestNGPractice.Myloan -->
