<?xml version="1.0" encoding="UTF-8"?>
<!-- Generated by org.testng.reporters.JUnitReportReporter -->
<testsuite hostname="DESKTOP-FVER9KE" failures="0" tests="4" name="NewTestNG.UserLogin" time="0.015" errors="0" timestamp="2024-05-04T12:50:16 EDT" skipped="0">
  <testcase classname="NewTestNG.UserLogin" name="UsernameAndPassword" time="0.000"/>
  <testcase classname="NewTestNG.UserLogin" name="UserOnDashBoard" time="0.000"/>
  <testcase classname="NewTestNG.UserLogin" name="UserselectItems" time="0.015"/>
  <testcase classname="NewTestNG.UserLogin" name="UserLogout" time="0.000"/>
</testsuite> <!-- NewTestNG.UserLogin -->
