<?xml version="1.0" encoding="UTF-8"?>
<!-- Generated by org.testng.reporters.JUnitReportReporter -->
<testsuite hostname="DESKTOP-FVER9KE" failures="0" tests="1" name="NewTestNG.houseloan" time="0.007" errors="0" timestamp="2024-05-04T12:50:16 EDT" skipped="0">
  <testcase classname="NewTestNG.houseloan" name="loanforhouse" time="0.007"/>
</testsuite> <!-- NewTestNG.houseloan -->
