<?xml version="1.0" encoding="UTF-8"?>
<!-- Generated by org.testng.reporters.JUnitReportReporter -->
<testsuite hostname="DESKTOP-FVER9KE" failures="0" tests="3" name="TestNGPractice.Day1" time="0.020" errors="0" timestamp="2024-04-20T23:02:30 EDT" skipped="0">
  <testcase classname="TestNGPractice.Day1" name="ActionItems" time="0.010"/>
  <testcase classname="TestNGPractice.Day1" name="CheckingValues" time="0.007"/>
  <testcase classname="TestNGPractice.Day1" name="openBrowser" time="0.003"/>
</testsuite> <!-- TestNGPractice.Day1 -->
