<?xml version="1.0" encoding="UTF-8"?>
<!-- Generated by org.testng.reporters.JUnitReportReporter -->
<testsuite hostname="DESKTOP-FVER9KE" failures="0" tests="2" name="TestNGPractice.MyTestNGClass" time="0.008" errors="0" timestamp="2024-05-04T19:16:53 EDT" skipped="0">
  <testcase classname="TestNGPractice.MyTestNGClass" name="myfirstTest" time="0.002"/>
  <testcase classname="TestNGPractice.MyTestNGClass" name="my2ndtest" time="0.006"/>
</testsuite> <!-- TestNGPractice.MyTestNGClass -->
