<?xml version="1.0" encoding="UTF-8"?>
<!-- Generated by org.testng.reporters.JUnitReportReporter -->
<testsuite hostname="DESKTOP-FVER9KE" failures="0" tests="2" name="TestNGPractice.TestNGDay2_Test" time="0.008" errors="0" timestamp="2024-04-21T15:04:09 EDT" skipped="0">
  <testcase classname="TestNGPractice.TestNGDay2_Test" name="f1" time="0.002"/>
  <testcase classname="TestNGPractice.TestNGDay2_Test" name="f" time="0.006"/>
</testsuite> <!-- TestNGPractice.TestNGDay2_Test -->
