<?xml version="1.0" encoding="UTF-8"?>
<!-- Generated by org.testng.reporters.JUnitReportReporter -->
<testsuite hostname="DESKTOP-FVER9KE" failures="0" tests="1" name="TestNGPractice.Myloans" time="0.012" errors="0" timestamp="2024-05-04T12:50:16 EDT" skipped="0">
  <testcase classname="TestNGPractice.Myloans" name="Testone" time="0.012"/>
</testsuite> <!-- TestNGPractice.Myloans -->
