<?xml version="1.0" encoding="UTF-8"?>
<!-- Generated by org.testng.reporters.JUnitReportReporter -->
<testsuite hostname="DESKTOP-FVER9KE" failures="0" tests="1" name="TestNGPractice.TestNG_Suite" time="0.008" errors="0" timestamp="2024-04-20T23:53:14 EDT" skipped="0">
  <testcase classname="TestNGPractice.TestNG_Suite" name="mytest" time="0.008"/>
</testsuite> <!-- TestNGPractice.TestNG_Suite -->
