<?xml version="1.0" encoding="UTF-8"?>
<!-- Generated by org.testng.reporters.JUnitReportReporter -->
<testsuite hostname="DESKTOP-FVER9KE" failures="0" tests="2" name="TestNGPractice.MyThirdClass" time="0.003" errors="0" timestamp="2024-05-04T19:16:53 EDT" skipped="0">
  <testcase classname="TestNGPractice.MyThirdClass" name="myfirstTest" time="0.002"/>
  <testcase classname="TestNGPractice.MyThirdClass" name="secondtest" time="0.001"/>
</testsuite> <!-- TestNGPractice.MyThirdClass -->
