<?xml version="1.0" encoding="UTF-8"?>
<!-- Generated by org.testng.reporters.JUnitReportReporter -->
<testsuite hostname="DESKTOP-FVER9KE" failures="0" tests="2" name="TestNGPractice.TestNGDay2_Methods" time="0.024" errors="0" timestamp="2024-04-21T15:03:29 EDT" skipped="0">
  <testcase classname="TestNGPractice.TestNGDay2_Methods" name="myMethodTest" time="0.014"/>
  <testcase classname="TestNGPractice.TestNGDay2_Methods" name="myMethodTest1" time="0.010"/>
</testsuite> <!-- TestNGPractice.TestNGDay2_Methods -->
