<?xml version="1.0" encoding="UTF-8"?>
<!-- Generated by org.testng.reporters.JUnitReportReporter -->
<testsuite hostname="DESKTOP-FVER9KE" failures="0" tests="1" name="TestNGPractice.GoogleTest" time="5.549" errors="0" timestamp="2024-04-21T15:45:45 EDT" skipped="0">
  <testcase classname="TestNGPractice.GoogleTest" name="ActionElements" time="5.549"/>
</testsuite> <!-- TestNGPractice.GoogleTest -->
