<?xml version="1.0" encoding="UTF-8"?>
<!-- Generated by org.testng.reporters.JUnitReportReporter -->
<testsuite hostname="DESKTOP-FVER9KE" failures="0" tests="3" name="NewTestNG.myNewClass" time="0.015" errors="0" timestamp="2024-05-04T12:50:16 EDT" skipped="0">
  <testcase classname="NewTestNG.myNewClass" name="mycarloanMobilelogin" time="0.000"/>
  <testcase classname="NewTestNG.myNewClass" name="javaclass" time="0.015"/>
  <testcase classname="NewTestNG.myNewClass" name="mycarloanWeblogin" time="0.000"/>
</testsuite> <!-- NewTestNG.myNewClass -->
